{
  "RSpec": {
    "coverage": {
      "/app/lib/cgtrader_levels.rb": {
        "lines": [
          1,
          null,
          1,
          1,
          1,
          1,
          1,
          1,
          null
        ]
      },
      "/app/lib/cgtrader_levels/models/user.rb": {
        "lines": [
          1,
          1,
          null,
          1,
          1,
          null,
          1,
          1,
          null,
          1,
          null,
          1,
          27,
          null,
          null,
          null,
          null,
          null,
          1,
          8,
          null,
          null,
          1,
          14,
          13,
          null,
          null,
          null,
          1,
          6,
          4,
          null,
          4,
          2,
          null,
          null,
          4,
          null,
          null,
          null
        ]
      },
      "/app/lib/cgtrader_levels/models/level.rb": {
        "lines": [
          1,
          1,
          null
        ]
      },
      "/app/lib/cgtrader_levels/models/reward.rb": {
        "lines": [
          1,
          1,
          null
        ]
      }
    },
    "timestamp": 1626830808
  }
}
